<?xml version="1.0" encoding="UTF-8"?>
<!-- Generated by org.testng.reporters.JUnitXMLReporter -->
<testsuite ignored="2" hostname="DESKTOP-42MN8DH" failures="0" tests="1" name="tutorialsninja-sw-5" time="7.909" errors="0" timestamp="2023-12-12T21:14:36 GMT">
  <testcase classname="com.tutorialsninja.demo.testsuite.TopMenuTest" name="verifyUserShouldNavigateToDesktopsPageSuccessfully" time="1.372"/>
  <testcase classname="com.tutorialsninja.demo.testsuite.TopMenuTest" name="verifyUserShouldNavigateToComponentsPageSuccessfully" time="0.0">
    <ignored/>
  </testcase> <!-- verifyUserShouldNavigateToComponentsPageSuccessfully -->
  <testcase classname="com.tutorialsninja.demo.testsuite.TopMenuTest" name="verifyUserShouldNavigateToLaptopsAndNotebooksPageSuccessfully" time="0.0">
    <ignored/>
  </testcase> <!-- verifyUserShouldNavigateToLaptopsAndNotebooksPageSuccessfully -->
</testsuite> <!-- tutorialsninja-sw-5 -->
