<?xml version="1.0" encoding="UTF-8"?>
<testng-results ignored="0" total="1" passed="1" failed="0" skipped="0">
  <reporter-output>
    <line>
      <![CDATA[Hovering and Clicking on desktop [[ChromeDriver: chrome on windows (c761f2a6983900529089a6cf8c52cdf0)] -> link text: Desktops]]]>
    </line>
    <line>
      <![CDATA[Clicking on Show all Desktops[[ChromeDriver: chrome on windows (c761f2a6983900529089a6cf8c52cdf0)] -> xpath: //a[normalize-space()='Show AllDesktops']]]]>
    </line>
    <line>
      <![CDATA[Getting desktop text [[ChromeDriver: chrome on windows (c761f2a6983900529089a6cf8c52cdf0)] -> xpath: //h2[contains(text(),'Desktops')]]]]>
    </line>
  </reporter-output>
  <suite started-at="2023-12-12T21:14:28 GMT" name="Default Suite" finished-at="2023-12-12T21:14:36 GMT" duration-ms="7909">
    <groups>
      <group name="regression">
        <method signature="TopMenuTest.verifyUserShouldNavigateToDesktopsPageSuccessfully()[pri:0, instance:com.tutorialsninja.demo.testsuite.TopMenuTest@79efed2d]" name="verifyUserShouldNavigateToDesktopsPageSuccessfully" class="com.tutorialsninja.demo.testsuite.TopMenuTest"/>
      </group> <!-- regression -->
      <group name="sanity">
        <method signature="TopMenuTest.verifyUserShouldNavigateToDesktopsPageSuccessfully()[pri:0, instance:com.tutorialsninja.demo.testsuite.TopMenuTest@79efed2d]" name="verifyUserShouldNavigateToDesktopsPageSuccessfully" class="com.tutorialsninja.demo.testsuite.TopMenuTest"/>
      </group> <!-- sanity -->
    </groups>
    <test started-at="2023-12-12T21:14:28 GMT" name="tutorialsninja-sw-5" finished-at="2023-12-12T21:14:36 GMT" duration-ms="7909">
      <class name="com.tutorialsninja.demo.testsuite.TopMenuTest">
        <test-method is-config="true" signature="setUp()[pri:0, instance:com.tutorialsninja.demo.testsuite.TopMenuTest@79efed2d]" started-at="2023-12-12T21:14:29 GMT" name="setUp" finished-at="2023-12-12T21:14:35 GMT" duration-ms="5661" status="PASS">
          <reporter-output>
          </reporter-output>
        </test-method> <!-- setUp -->
        <test-method is-config="true" signature="inIt()[pri:0, instance:com.tutorialsninja.demo.testsuite.TopMenuTest@79efed2d]" started-at="2023-12-12T21:14:35 GMT" name="inIt" finished-at="2023-12-12T21:14:35 GMT" duration-ms="50" status="PASS">
          <reporter-output>
          </reporter-output>
        </test-method> <!-- inIt -->
        <test-method signature="verifyUserShouldNavigateToDesktopsPageSuccessfully()[pri:0, instance:com.tutorialsninja.demo.testsuite.TopMenuTest@79efed2d]" started-at="2023-12-12T21:14:35 GMT" name="verifyUserShouldNavigateToDesktopsPageSuccessfully" finished-at="2023-12-12T21:14:36 GMT" duration-ms="1372" status="PASS">
          <reporter-output>
            <line>
              <![CDATA[Hovering and Clicking on desktop [[ChromeDriver: chrome on windows (c761f2a6983900529089a6cf8c52cdf0)] -> link text: Desktops]]]>
            </line>
            <line>
              <![CDATA[Clicking on Show all Desktops[[ChromeDriver: chrome on windows (c761f2a6983900529089a6cf8c52cdf0)] -> xpath: //a[normalize-space()='Show AllDesktops']]]]>
            </line>
            <line>
              <![CDATA[Getting desktop text [[ChromeDriver: chrome on windows (c761f2a6983900529089a6cf8c52cdf0)] -> xpath: //h2[contains(text(),'Desktops')]]]]>
            </line>
          </reporter-output>
        </test-method> <!-- verifyUserShouldNavigateToDesktopsPageSuccessfully -->
        <test-method is-config="true" signature="tearDown()[pri:0, instance:com.tutorialsninja.demo.testsuite.TopMenuTest@79efed2d]" started-at="2023-12-12T21:14:36 GMT" name="tearDown" finished-at="2023-12-12T21:14:36 GMT" duration-ms="400" status="PASS">
          <reporter-output>
          </reporter-output>
        </test-method> <!-- tearDown -->
      </class> <!-- com.tutorialsninja.demo.testsuite.TopMenuTest -->
    </test> <!-- tutorialsninja-sw-5 -->
  </suite> <!-- Default Suite -->
</testng-results>
